{"C:\\Users\\Panda Gaming Store\\OneDrive\\Desktop\\SmartSession\\server.js": {"path":"C:\\Users\\Panda Gaming Store\\OneDrive\\Desktop\\SmartSession\\server.js","statementMap":{"0":{"start":{"line":5,"column":0},"end":{"line":5,"column":27}},"1":{"start":{"line":6,"column":16},"end":{"line":6,"column":34}},"2":{"start":{"line":7,"column":17},"end":{"line":7,"column":36}},"3":{"start":{"line":8,"column":16},"end":{"line":8,"column":42}},"4":{"start":{"line":9,"column":13},"end":{"line":9,"column":28}},"5":{"start":{"line":10,"column":19},"end":{"line":10,"column":41}},"6":{"start":{"line":11,"column":13},"end":{"line":11,"column":28}},"7":{"start":{"line":12,"column":13},"end":{"line":12,"column":28}},"8":{"start":{"line":13,"column":19},"end":{"line":13,"column":39}},"9":{"start":{"line":14,"column":15},"end":{"line":14,"column":34}},"10":{"start":{"line":15,"column":16},"end":{"line":15,"column":47}},"11":{"start":{"line":18,"column":24},"end":{"line":21,"column":1}},"12":{"start":{"line":19,"column":2},"end":{"line":19,"column":35}},"13":{"start":{"line":19,"column":24},"end":{"line":19,"column":35}},"14":{"start":{"line":20,"column":2},"end":{"line":20,"column":88}},"15":{"start":{"line":20,"column":49},"end":{"line":20,"column":82}},"16":{"start":{"line":22,"column":12},"end":{"line":22,"column":21}},"17":{"start":{"line":28,"column":13},"end":{"line":28,"column":37}},"18":{"start":{"line":29,"column":21},"end":{"line":29,"column":48}},"19":{"start":{"line":30,"column":15},"end":{"line":30,"column":41}},"20":{"start":{"line":36,"column":15},"end":{"line":36,"column":37}},"21":{"start":{"line":37,"column":11},"end":{"line":39,"column":2}},"22":{"start":{"line":40,"column":19},"end":{"line":40,"column":53}},"23":{"start":{"line":42,"column":0},"end":{"line":42,"column":26}},"24":{"start":{"line":46,"column":0},"end":{"line":46,"column":16}},"25":{"start":{"line":47,"column":0},"end":{"line":47,"column":44}},"26":{"start":{"line":48,"column":0},"end":{"line":48,"column":66}},"27":{"start":{"line":49,"column":0},"end":{"line":49,"column":56}},"28":{"start":{"line":50,"column":0},"end":{"line":50,"column":69}},"29":{"start":{"line":51,"column":0},"end":{"line":51,"column":67}},"30":{"start":{"line":54,"column":0},"end":{"line":54,"column":26}},"31":{"start":{"line":55,"column":0},"end":{"line":67,"column":2}},"32":{"start":{"line":72,"column":0},"end":{"line":75,"column":78}},"33":{"start":{"line":74,"column":14},"end":{"line":74,"column":48}},"34":{"start":{"line":75,"column":18},"end":{"line":75,"column":76}},"35":{"start":{"line":80,"column":17},"end":{"line":81,"column":51}},"36":{"start":{"line":80,"column":27},"end":{"line":81,"column":51}},"37":{"start":{"line":81,"column":2},"end":{"line":81,"column":51}},"38":{"start":{"line":84,"column":0},"end":{"line":84,"column":37}},"39":{"start":{"line":85,"column":0},"end":{"line":85,"column":44}},"40":{"start":{"line":88,"column":0},"end":{"line":88,"column":72}},"41":{"start":{"line":89,"column":0},"end":{"line":89,"column":70}},"42":{"start":{"line":90,"column":0},"end":{"line":90,"column":58}},"43":{"start":{"line":91,"column":0},"end":{"line":91,"column":68}},"44":{"start":{"line":92,"column":0},"end":{"line":92,"column":73}},"45":{"start":{"line":95,"column":0},"end":{"line":101,"column":3}},"46":{"start":{"line":97,"column":4},"end":{"line":99,"column":5}},"47":{"start":{"line":98,"column":8},"end":{"line":98,"column":77}},"48":{"start":{"line":100,"column":4},"end":{"line":100,"column":28}},"49":{"start":{"line":103,"column":0},"end":{"line":108,"column":3}},"50":{"start":{"line":104,"column":4},"end":{"line":106,"column":5}},"51":{"start":{"line":105,"column":8},"end":{"line":105,"column":79}},"52":{"start":{"line":107,"column":4},"end":{"line":107,"column":28}},"53":{"start":{"line":114,"column":0},"end":{"line":147,"column":3}},"54":{"start":{"line":115,"column":2},"end":{"line":146,"column":3}},"55":{"start":{"line":116,"column":38},"end":{"line":116,"column":46}},"56":{"start":{"line":119,"column":4},"end":{"line":121,"column":5}},"57":{"start":{"line":120,"column":6},"end":{"line":120,"column":90}},"58":{"start":{"line":124,"column":4},"end":{"line":126,"column":5}},"59":{"start":{"line":125,"column":8},"end":{"line":125,"column":108}},"60":{"start":{"line":128,"column":21},"end":{"line":128,"column":50}},"61":{"start":{"line":129,"column":4},"end":{"line":131,"column":5}},"62":{"start":{"line":130,"column":6},"end":{"line":130,"column":91}},"63":{"start":{"line":134,"column":20},"end":{"line":134,"column":55}},"64":{"start":{"line":135,"column":4},"end":{"line":135,"column":25}},"65":{"start":{"line":138,"column":4},"end":{"line":142,"column":7}},"66":{"start":{"line":139,"column":6},"end":{"line":139,"column":63}},"67":{"start":{"line":139,"column":15},"end":{"line":139,"column":63}},"68":{"start":{"line":140,"column":6},"end":{"line":140,"column":91}},"69":{"start":{"line":141,"column":6},"end":{"line":141,"column":96}},"70":{"start":{"line":145,"column":4},"end":{"line":145,"column":67}},"71":{"start":{"line":150,"column":18},"end":{"line":150,"column":47}},"72":{"start":{"line":151,"column":22},"end":{"line":151,"column":55}},"73":{"start":{"line":154,"column":21},"end":{"line":160,"column":2}},"74":{"start":{"line":163,"column":0},"end":{"line":216,"column":3}},"75":{"start":{"line":164,"column":4},"end":{"line":215,"column":5}},"76":{"start":{"line":166,"column":22},"end":{"line":166,"column":44}},"77":{"start":{"line":167,"column":25},"end":{"line":167,"column":50}},"78":{"start":{"line":170,"column":21},"end":{"line":170,"column":50}},"79":{"start":{"line":173,"column":8},"end":{"line":175,"column":9}},"80":{"start":{"line":174,"column":12},"end":{"line":174,"column":107}},"81":{"start":{"line":178,"column":8},"end":{"line":180,"column":9}},"82":{"start":{"line":179,"column":12},"end":{"line":179,"column":111}},"83":{"start":{"line":183,"column":8},"end":{"line":210,"column":11}},"84":{"start":{"line":184,"column":12},"end":{"line":186,"column":13}},"85":{"start":{"line":185,"column":16},"end":{"line":185,"column":91}},"86":{"start":{"line":189,"column":12},"end":{"line":193,"column":14}},"87":{"start":{"line":195,"column":12},"end":{"line":195,"column":36}},"88":{"start":{"line":198,"column":12},"end":{"line":201,"column":13}},"89":{"start":{"line":199,"column":16},"end":{"line":199,"column":56}},"90":{"start":{"line":200,"column":16},"end":{"line":200,"column":71}},"91":{"start":{"line":204,"column":12},"end":{"line":206,"column":13}},"92":{"start":{"line":205,"column":16},"end":{"line":205,"column":75}},"93":{"start":{"line":209,"column":12},"end":{"line":209,"column":73}},"94":{"start":{"line":213,"column":8},"end":{"line":213,"column":43}},"95":{"start":{"line":214,"column":8},"end":{"line":214,"column":96}},"96":{"start":{"line":261,"column":0},"end":{"line":263,"column":3}},"97":{"start":{"line":262,"column":2},"end":{"line":262,"column":94}},"98":{"start":{"line":262,"column":28},"end":{"line":262,"column":92}},"99":{"start":{"line":270,"column":0},"end":{"line":302,"column":3}},"100":{"start":{"line":271,"column":2},"end":{"line":301,"column":3}},"101":{"start":{"line":273,"column":24},"end":{"line":273,"column":64}},"102":{"start":{"line":275,"column":4},"end":{"line":277,"column":5}},"103":{"start":{"line":276,"column":6},"end":{"line":276,"column":103}},"104":{"start":{"line":279,"column":27},"end":{"line":279,"column":35}},"105":{"start":{"line":281,"column":4},"end":{"line":283,"column":5}},"106":{"start":{"line":282,"column":6},"end":{"line":282,"column":85}},"107":{"start":{"line":286,"column":4},"end":{"line":289,"column":7}},"108":{"start":{"line":292,"column":4},"end":{"line":292,"column":26}},"109":{"start":{"line":294,"column":4},"end":{"line":298,"column":7}},"110":{"start":{"line":300,"column":4},"end":{"line":300,"column":67}},"111":{"start":{"line":305,"column":0},"end":{"line":367,"column":3}},"112":{"start":{"line":306,"column":2},"end":{"line":366,"column":3}},"113":{"start":{"line":308,"column":4},"end":{"line":310,"column":5}},"114":{"start":{"line":309,"column":6},"end":{"line":309,"column":103}},"115":{"start":{"line":312,"column":59},"end":{"line":312,"column":67}},"116":{"start":{"line":314,"column":4},"end":{"line":316,"column":5}},"117":{"start":{"line":315,"column":6},"end":{"line":315,"column":94}},"118":{"start":{"line":319,"column":17},"end":{"line":319,"column":87}},"119":{"start":{"line":321,"column":4},"end":{"line":323,"column":5}},"120":{"start":{"line":322,"column":6},"end":{"line":322,"column":95}},"121":{"start":{"line":327,"column":21},"end":{"line":327,"column":73}},"122":{"start":{"line":335,"column":29},"end":{"line":335,"column":33}},"123":{"start":{"line":337,"column":4},"end":{"line":361,"column":5}},"124":{"start":{"line":339,"column":6},"end":{"line":344,"column":8}},"125":{"start":{"line":347,"column":6},"end":{"line":347,"column":34}},"126":{"start":{"line":349,"column":6},"end":{"line":353,"column":9}},"127":{"start":{"line":356,"column":6},"end":{"line":360,"column":9}},"128":{"start":{"line":364,"column":4},"end":{"line":364,"column":46}},"129":{"start":{"line":365,"column":4},"end":{"line":365,"column":88}},"130":{"start":{"line":369,"column":0},"end":{"line":397,"column":3}},"131":{"start":{"line":370,"column":2},"end":{"line":396,"column":3}},"132":{"start":{"line":371,"column":4},"end":{"line":371,"column":86}},"133":{"start":{"line":371,"column":27},"end":{"line":371,"column":86}},"134":{"start":{"line":374,"column":38},"end":{"line":374,"column":46}},"135":{"start":{"line":376,"column":4},"end":{"line":378,"column":5}},"136":{"start":{"line":377,"column":6},"end":{"line":377,"column":73}},"137":{"start":{"line":380,"column":4},"end":{"line":385,"column":5}},"138":{"start":{"line":382,"column":22},"end":{"line":382,"column":104}},"139":{"start":{"line":383,"column":6},"end":{"line":383,"column":82}},"140":{"start":{"line":383,"column":20},"end":{"line":383,"column":82}},"141":{"start":{"line":384,"column":6},"end":{"line":384,"column":69}},"142":{"start":{"line":387,"column":4},"end":{"line":391,"column":5}},"143":{"start":{"line":389,"column":22},"end":{"line":389,"column":108}},"144":{"start":{"line":390,"column":6},"end":{"line":390,"column":96}},"145":{"start":{"line":394,"column":4},"end":{"line":394,"column":23}},"146":{"start":{"line":395,"column":4},"end":{"line":395,"column":69}},"147":{"start":{"line":400,"column":0},"end":{"line":422,"column":3}},"148":{"start":{"line":401,"column":2},"end":{"line":421,"column":3}},"149":{"start":{"line":403,"column":4},"end":{"line":403,"column":86}},"150":{"start":{"line":403,"column":27},"end":{"line":403,"column":86}},"151":{"start":{"line":406,"column":34},"end":{"line":406,"column":42}},"152":{"start":{"line":409,"column":4},"end":{"line":409,"column":41}},"153":{"start":{"line":409,"column":18},"end":{"line":409,"column":41}},"154":{"start":{"line":412,"column":4},"end":{"line":412,"column":107}},"155":{"start":{"line":412,"column":41},"end":{"line":412,"column":107}},"156":{"start":{"line":415,"column":19},"end":{"line":415,"column":71}},"157":{"start":{"line":417,"column":4},"end":{"line":417,"column":98}},"158":{"start":{"line":419,"column":4},"end":{"line":419,"column":23}},"159":{"start":{"line":420,"column":4},"end":{"line":420,"column":68}},"160":{"start":{"line":429,"column":0},"end":{"line":439,"column":3}},"161":{"start":{"line":430,"column":2},"end":{"line":430,"column":73}},"162":{"start":{"line":430,"column":25},"end":{"line":430,"column":73}},"163":{"start":{"line":432,"column":2},"end":{"line":438,"column":3}},"164":{"start":{"line":433,"column":17},"end":{"line":433,"column":57}},"165":{"start":{"line":434,"column":4},"end":{"line":434,"column":101}},"166":{"start":{"line":434,"column":34},"end":{"line":434,"column":101}},"167":{"start":{"line":435,"column":4},"end":{"line":435,"column":79}},"168":{"start":{"line":437,"column":4},"end":{"line":437,"column":67}},"169":{"start":{"line":445,"column":0},"end":{"line":448,"column":3}},"170":{"start":{"line":446,"column":16},"end":{"line":446,"column":72}},"171":{"start":{"line":447,"column":2},"end":{"line":447,"column":18}},"172":{"start":{"line":451,"column":0},"end":{"line":466,"column":3}},"173":{"start":{"line":452,"column":2},"end":{"line":465,"column":3}},"174":{"start":{"line":453,"column":17},"end":{"line":453,"column":51}},"175":{"start":{"line":455,"column":4},"end":{"line":455,"column":86}},"176":{"start":{"line":455,"column":14},"end":{"line":455,"column":86}},"177":{"start":{"line":457,"column":4},"end":{"line":457,"column":106}},"178":{"start":{"line":457,"column":30},"end":{"line":457,"column":106}},"179":{"start":{"line":459,"column":4},"end":{"line":459,"column":24}},"180":{"start":{"line":460,"column":4},"end":{"line":460,"column":22}},"181":{"start":{"line":462,"column":4},"end":{"line":462,"column":80}},"182":{"start":{"line":464,"column":4},"end":{"line":464,"column":63}},"183":{"start":{"line":469,"column":0},"end":{"line":484,"column":3}},"184":{"start":{"line":470,"column":2},"end":{"line":483,"column":3}},"185":{"start":{"line":471,"column":17},"end":{"line":471,"column":51}},"186":{"start":{"line":473,"column":4},"end":{"line":473,"column":86}},"187":{"start":{"line":473,"column":14},"end":{"line":473,"column":86}},"188":{"start":{"line":475,"column":4},"end":{"line":475,"column":108}},"189":{"start":{"line":475,"column":30},"end":{"line":475,"column":108}},"190":{"start":{"line":477,"column":4},"end":{"line":477,"column":25}},"191":{"start":{"line":478,"column":4},"end":{"line":478,"column":22}},"192":{"start":{"line":480,"column":4},"end":{"line":480,"column":82}},"193":{"start":{"line":482,"column":4},"end":{"line":482,"column":63}},"194":{"start":{"line":486,"column":0},"end":{"line":498,"column":3}},"195":{"start":{"line":487,"column":2},"end":{"line":497,"column":3}},"196":{"start":{"line":488,"column":18},"end":{"line":488,"column":55}},"197":{"start":{"line":489,"column":4},"end":{"line":489,"column":90}},"198":{"start":{"line":489,"column":15},"end":{"line":489,"column":90}},"199":{"start":{"line":491,"column":4},"end":{"line":491,"column":26}},"200":{"start":{"line":492,"column":4},"end":{"line":492,"column":23}},"201":{"start":{"line":494,"column":4},"end":{"line":494,"column":72}},"202":{"start":{"line":496,"column":4},"end":{"line":496,"column":66}},"203":{"start":{"line":503,"column":0},"end":{"line":506,"column":3}},"204":{"start":{"line":504,"column":2},"end":{"line":504,"column":46}},"205":{"start":{"line":505,"column":2},"end":{"line":505,"column":48}},"206":{"start":{"line":513,"column":0},"end":{"line":526,"column":3}},"207":{"start":{"line":514,"column":2},"end":{"line":514,"column":101}},"208":{"start":{"line":514,"column":25},"end":{"line":514,"column":101}},"209":{"start":{"line":515,"column":2},"end":{"line":515,"column":109}},"210":{"start":{"line":515,"column":29},"end":{"line":515,"column":109}},"211":{"start":{"line":517,"column":2},"end":{"line":525,"column":83}},"212":{"start":{"line":518,"column":24},"end":{"line":518,"column":78}},"213":{"start":{"line":519,"column":23},"end":{"line":519,"column":118}},"214":{"start":{"line":520,"column":4},"end":{"line":520,"column":28}},"215":{"start":{"line":522,"column":4},"end":{"line":522,"column":111}},"216":{"start":{"line":524,"column":4},"end":{"line":524,"column":87}},"217":{"start":{"line":525,"column":18},"end":{"line":525,"column":81}},"218":{"start":{"line":528,"column":0},"end":{"line":540,"column":3}},"219":{"start":{"line":529,"column":2},"end":{"line":529,"column":117}},"220":{"start":{"line":529,"column":25},"end":{"line":529,"column":117}},"221":{"start":{"line":531,"column":2},"end":{"line":539,"column":83}},"222":{"start":{"line":532,"column":28},"end":{"line":532,"column":36}},"223":{"start":{"line":533,"column":23},"end":{"line":533,"column":80}},"224":{"start":{"line":534,"column":4},"end":{"line":534,"column":114}},"225":{"start":{"line":534,"column":21},"end":{"line":534,"column":114}},"226":{"start":{"line":536,"column":4},"end":{"line":536,"column":101}},"227":{"start":{"line":537,"column":4},"end":{"line":537,"column":94}},"228":{"start":{"line":539,"column":18},"end":{"line":539,"column":81}},"229":{"start":{"line":542,"column":0},"end":{"line":552,"column":3}},"230":{"start":{"line":543,"column":2},"end":{"line":543,"column":84}},"231":{"start":{"line":543,"column":25},"end":{"line":543,"column":84}},"232":{"start":{"line":545,"column":2},"end":{"line":551,"column":67}},"233":{"start":{"line":546,"column":21},"end":{"line":548,"column":93}},"234":{"start":{"line":550,"column":4},"end":{"line":550,"column":23}},"235":{"start":{"line":551,"column":18},"end":{"line":551,"column":65}},"236":{"start":{"line":554,"column":0},"end":{"line":564,"column":3}},"237":{"start":{"line":555,"column":2},"end":{"line":555,"column":84}},"238":{"start":{"line":555,"column":25},"end":{"line":555,"column":84}},"239":{"start":{"line":557,"column":2},"end":{"line":563,"column":67}},"240":{"start":{"line":558,"column":20},"end":{"line":560,"column":87}},"241":{"start":{"line":562,"column":4},"end":{"line":562,"column":22}},"242":{"start":{"line":563,"column":18},"end":{"line":563,"column":65}},"243":{"start":{"line":566,"column":14},"end":{"line":566,"column":16}},"244":{"start":{"line":567,"column":21},"end":{"line":567,"column":30}},"245":{"start":{"line":569,"column":0},"end":{"line":636,"column":3}},"246":{"start":{"line":570,"column":4},"end":{"line":570,"column":54}},"247":{"start":{"line":573,"column":4},"end":{"line":579,"column":7}},"248":{"start":{"line":574,"column":8},"end":{"line":574,"column":64}},"249":{"start":{"line":575,"column":8},"end":{"line":575,"column":49}},"250":{"start":{"line":576,"column":8},"end":{"line":576,"column":33}},"251":{"start":{"line":577,"column":8},"end":{"line":577,"column":53}},"252":{"start":{"line":578,"column":8},"end":{"line":578,"column":55}},"253":{"start":{"line":581,"column":2},"end":{"line":603,"column":3}},"254":{"start":{"line":583,"column":24},"end":{"line":583,"column":83}},"255":{"start":{"line":585,"column":17},"end":{"line":585,"column":35}},"256":{"start":{"line":586,"column":4},"end":{"line":589,"column":5}},"257":{"start":{"line":587,"column":8},"end":{"line":587,"column":65}},"258":{"start":{"line":588,"column":8},"end":{"line":588,"column":73}},"259":{"start":{"line":592,"column":4},"end":{"line":592,"column":29}},"260":{"start":{"line":593,"column":4},"end":{"line":593,"column":45}},"261":{"start":{"line":596,"column":4},"end":{"line":599,"column":5}},"262":{"start":{"line":597,"column":8},"end":{"line":597,"column":37}},"263":{"start":{"line":598,"column":8},"end":{"line":598,"column":74}},"264":{"start":{"line":601,"column":4},"end":{"line":601,"column":64}},"265":{"start":{"line":602,"column":4},"end":{"line":602,"column":83}},"266":{"start":{"line":606,"column":4},"end":{"line":606,"column":90}},"267":{"start":{"line":606,"column":48},"end":{"line":606,"column":88}},"268":{"start":{"line":610,"column":0},"end":{"line":615,"column":3}},"269":{"start":{"line":611,"column":4},"end":{"line":611,"column":24}},"270":{"start":{"line":611,"column":17},"end":{"line":611,"column":24}},"271":{"start":{"line":613,"column":4},"end":{"line":613,"column":57}},"272":{"start":{"line":614,"column":4},"end":{"line":614,"column":65}},"273":{"start":{"line":618,"column":4},"end":{"line":624,"column":7}},"274":{"start":{"line":619,"column":21},"end":{"line":619,"column":34}},"275":{"start":{"line":620,"column":8},"end":{"line":623,"column":9}},"276":{"start":{"line":621,"column":12},"end":{"line":621,"column":59}},"277":{"start":{"line":622,"column":12},"end":{"line":622,"column":33}},"278":{"start":{"line":626,"column":4},"end":{"line":635,"column":7}},"279":{"start":{"line":627,"column":28},"end":{"line":627,"column":55}},"280":{"start":{"line":628,"column":8},"end":{"line":633,"column":9}},"281":{"start":{"line":629,"column":12},"end":{"line":632,"column":13}},"282":{"start":{"line":630,"column":16},"end":{"line":630,"column":70}},"283":{"start":{"line":631,"column":16},"end":{"line":631,"column":42}},"284":{"start":{"line":634,"column":8},"end":{"line":634,"column":39}},"285":{"start":{"line":723,"column":0},"end":{"line":735,"column":3}},"286":{"start":{"line":724,"column":2},"end":{"line":733,"column":3}},"287":{"start":{"line":726,"column":19},"end":{"line":728,"column":6}},"288":{"start":{"line":729,"column":4},"end":{"line":729,"column":93}},"289":{"start":{"line":731,"column":4},"end":{"line":731,"column":50}},"290":{"start":{"line":741,"column":0},"end":{"line":743,"column":3}},"291":{"start":{"line":742,"column":4},"end":{"line":742,"column":65}},"292":{"start":{"line":746,"column":0},"end":{"line":768,"column":3}},"293":{"start":{"line":747,"column":25},"end":{"line":747,"column":33}},"294":{"start":{"line":748,"column":19},"end":{"line":748,"column":38}},"295":{"start":{"line":750,"column":4},"end":{"line":752,"column":5}},"296":{"start":{"line":751,"column":8},"end":{"line":751,"column":104}},"297":{"start":{"line":754,"column":4},"end":{"line":767,"column":5}},"298":{"start":{"line":755,"column":28},"end":{"line":759,"column":9}},"299":{"start":{"line":762,"column":8},"end":{"line":762,"column":49}},"300":{"start":{"line":764,"column":8},"end":{"line":764,"column":105}},"301":{"start":{"line":766,"column":8},"end":{"line":766,"column":90}},"302":{"start":{"line":771,"column":0},"end":{"line":792,"column":3}},"303":{"start":{"line":772,"column":45},"end":{"line":772,"column":53}},"304":{"start":{"line":773,"column":19},"end":{"line":773,"column":38}},"305":{"start":{"line":775,"column":4},"end":{"line":791,"column":5}},"306":{"start":{"line":776,"column":21},"end":{"line":776,"column":48}},"307":{"start":{"line":779,"column":24},"end":{"line":779,"column":67}},"308":{"start":{"line":780,"column":8},"end":{"line":782,"column":9}},"309":{"start":{"line":781,"column":12},"end":{"line":781,"column":98}},"310":{"start":{"line":785,"column":8},"end":{"line":785,"column":36}},"311":{"start":{"line":786,"column":8},"end":{"line":786,"column":26}},"312":{"start":{"line":788,"column":8},"end":{"line":788,"column":79}},"313":{"start":{"line":790,"column":8},"end":{"line":790,"column":86}},"314":{"start":{"line":795,"column":0},"end":{"line":810,"column":3}},"315":{"start":{"line":796,"column":4},"end":{"line":809,"column":5}},"316":{"start":{"line":797,"column":23},"end":{"line":797,"column":42}},"317":{"start":{"line":800,"column":8},"end":{"line":800,"column":45}},"318":{"start":{"line":801,"column":8},"end":{"line":801,"column":56}},"319":{"start":{"line":802,"column":8},"end":{"line":802,"column":50}},"320":{"start":{"line":805,"column":8},"end":{"line":805,"column":30}},"321":{"start":{"line":806,"column":8},"end":{"line":806,"column":77}},"322":{"start":{"line":808,"column":8},"end":{"line":808,"column":86}},"323":{"start":{"line":812,"column":0},"end":{"line":825,"column":3}},"324":{"start":{"line":813,"column":4},"end":{"line":824,"column":5}},"325":{"start":{"line":814,"column":21},"end":{"line":814,"column":61}},"326":{"start":{"line":815,"column":8},"end":{"line":815,"column":67}},"327":{"start":{"line":815,"column":19},"end":{"line":815,"column":67}},"328":{"start":{"line":817,"column":8},"end":{"line":821,"column":11}},"329":{"start":{"line":823,"column":8},"end":{"line":823,"column":49}},"330":{"start":{"line":830,"column":13},"end":{"line":830,"column":37}},"331":{"start":{"line":831,"column":0},"end":{"line":831,"column":94}},"332":{"start":{"line":831,"column":26},"end":{"line":831,"column":92}},"333":{"start":{"line":832,"column":0},"end":{"line":832,"column":21}}},"fnMap":{"0":{"name":"(anonymous_0)","decl":{"start":{"line":18,"column":24},"end":{"line":18,"column":25}},"loc":{"start":{"line":18,"column":42},"end":{"line":21,"column":1}},"line":18},"1":{"name":"(anonymous_1)","decl":{"start":{"line":20,"column":32},"end":{"line":20,"column":33}},"loc":{"start":{"line":20,"column":49},"end":{"line":20,"column":82}},"line":20},"2":{"name":"(anonymous_2)","decl":{"start":{"line":74,"column":8},"end":{"line":74,"column":9}},"loc":{"start":{"line":74,"column":14},"end":{"line":74,"column":48}},"line":74},"3":{"name":"(anonymous_3)","decl":{"start":{"line":75,"column":9},"end":{"line":75,"column":10}},"loc":{"start":{"line":75,"column":18},"end":{"line":75,"column":76}},"line":75},"4":{"name":"(anonymous_4)","decl":{"start":{"line":80,"column":17},"end":{"line":80,"column":18}},"loc":{"start":{"line":80,"column":27},"end":{"line":81,"column":51}},"line":80},"5":{"name":"(anonymous_5)","decl":{"start":{"line":80,"column":27},"end":{"line":80,"column":28}},"loc":{"start":{"line":81,"column":2},"end":{"line":81,"column":51}},"line":81},"6":{"name":"(anonymous_6)","decl":{"start":{"line":95,"column":22},"end":{"line":95,"column":23}},"loc":{"start":{"line":95,"column":36},"end":{"line":101,"column":1}},"line":95},"7":{"name":"(anonymous_7)","decl":{"start":{"line":103,"column":24},"end":{"line":103,"column":25}},"loc":{"start":{"line":103,"column":38},"end":{"line":108,"column":1}},"line":103},"8":{"name":"(anonymous_8)","decl":{"start":{"line":114,"column":26},"end":{"line":114,"column":27}},"loc":{"start":{"line":114,"column":46},"end":{"line":147,"column":1}},"line":114},"9":{"name":"(anonymous_9)","decl":{"start":{"line":138,"column":27},"end":{"line":138,"column":28}},"loc":{"start":{"line":138,"column":36},"end":{"line":142,"column":5}},"line":138},"10":{"name":"(anonymous_10)","decl":{"start":{"line":163,"column":37},"end":{"line":163,"column":38}},"loc":{"start":{"line":163,"column":57},"end":{"line":216,"column":1}},"line":163},"11":{"name":"(anonymous_11)","decl":{"start":{"line":183,"column":31},"end":{"line":183,"column":32}},"loc":{"start":{"line":183,"column":40},"end":{"line":210,"column":9}},"line":183},"12":{"name":"(anonymous_12)","decl":{"start":{"line":261,"column":24},"end":{"line":261,"column":25}},"loc":{"start":{"line":261,"column":38},"end":{"line":263,"column":1}},"line":261},"13":{"name":"(anonymous_13)","decl":{"start":{"line":262,"column":22},"end":{"line":262,"column":23}},"loc":{"start":{"line":262,"column":28},"end":{"line":262,"column":92}},"line":262},"14":{"name":"(anonymous_14)","decl":{"start":{"line":270,"column":29},"end":{"line":270,"column":30}},"loc":{"start":{"line":270,"column":49},"end":{"line":302,"column":1}},"line":270},"15":{"name":"(anonymous_15)","decl":{"start":{"line":305,"column":29},"end":{"line":305,"column":30}},"loc":{"start":{"line":305,"column":49},"end":{"line":367,"column":1}},"line":305},"16":{"name":"(anonymous_16)","decl":{"start":{"line":369,"column":32},"end":{"line":369,"column":33}},"loc":{"start":{"line":369,"column":52},"end":{"line":397,"column":1}},"line":369},"17":{"name":"(anonymous_17)","decl":{"start":{"line":400,"column":31},"end":{"line":400,"column":32}},"loc":{"start":{"line":400,"column":51},"end":{"line":422,"column":1}},"line":400},"18":{"name":"(anonymous_18)","decl":{"start":{"line":429,"column":24},"end":{"line":429,"column":25}},"loc":{"start":{"line":429,"column":44},"end":{"line":439,"column":1}},"line":429},"19":{"name":"(anonymous_19)","decl":{"start":{"line":445,"column":37},"end":{"line":445,"column":38}},"loc":{"start":{"line":445,"column":54},"end":{"line":448,"column":1}},"line":445},"20":{"name":"(anonymous_20)","decl":{"start":{"line":451,"column":46},"end":{"line":451,"column":47}},"loc":{"start":{"line":451,"column":63},"end":{"line":466,"column":1}},"line":451},"21":{"name":"(anonymous_21)","decl":{"start":{"line":469,"column":48},"end":{"line":469,"column":49}},"loc":{"start":{"line":469,"column":65},"end":{"line":484,"column":1}},"line":469},"22":{"name":"(anonymous_22)","decl":{"start":{"line":486,"column":42},"end":{"line":486,"column":43}},"loc":{"start":{"line":486,"column":62},"end":{"line":498,"column":1}},"line":486},"23":{"name":"(anonymous_23)","decl":{"start":{"line":503,"column":50},"end":{"line":503,"column":51}},"loc":{"start":{"line":503,"column":67},"end":{"line":506,"column":1}},"line":503},"24":{"name":"(anonymous_24)","decl":{"start":{"line":513,"column":32},"end":{"line":513,"column":33}},"loc":{"start":{"line":513,"column":52},"end":{"line":526,"column":1}},"line":513},"25":{"name":"(anonymous_25)","decl":{"start":{"line":528,"column":30},"end":{"line":528,"column":31}},"loc":{"start":{"line":528,"column":50},"end":{"line":540,"column":1}},"line":528},"26":{"name":"(anonymous_26)","decl":{"start":{"line":542,"column":30},"end":{"line":542,"column":31}},"loc":{"start":{"line":542,"column":50},"end":{"line":552,"column":1}},"line":542},"27":{"name":"(anonymous_27)","decl":{"start":{"line":554,"column":24},"end":{"line":554,"column":25}},"loc":{"start":{"line":554,"column":44},"end":{"line":564,"column":1}},"line":554},"28":{"name":"(anonymous_28)","decl":{"start":{"line":569,"column":20},"end":{"line":569,"column":21}},"loc":{"start":{"line":569,"column":32},"end":{"line":636,"column":1}},"line":569},"29":{"name":"(anonymous_29)","decl":{"start":{"line":573,"column":29},"end":{"line":573,"column":30}},"loc":{"start":{"line":573,"column":50},"end":{"line":579,"column":5}},"line":573},"30":{"name":"(anonymous_30)","decl":{"start":{"line":581,"column":25},"end":{"line":581,"column":26}},"loc":{"start":{"line":581,"column":38},"end":{"line":603,"column":1}},"line":581},"31":{"name":"(anonymous_31)","decl":{"start":{"line":606,"column":24},"end":{"line":606,"column":25}},"loc":{"start":{"line":606,"column":48},"end":{"line":606,"column":88}},"line":606},"32":{"name":"(anonymous_32)","decl":{"start":{"line":610,"column":28},"end":{"line":610,"column":29}},"loc":{"start":{"line":610,"column":56},"end":{"line":615,"column":1}},"line":610},"33":{"name":"(anonymous_33)","decl":{"start":{"line":618,"column":28},"end":{"line":618,"column":29}},"loc":{"start":{"line":618,"column":44},"end":{"line":624,"column":5}},"line":618},"34":{"name":"(anonymous_34)","decl":{"start":{"line":626,"column":28},"end":{"line":626,"column":29}},"loc":{"start":{"line":626,"column":34},"end":{"line":635,"column":5}},"line":626},"35":{"name":"(anonymous_35)","decl":{"start":{"line":723,"column":31},"end":{"line":723,"column":32}},"loc":{"start":{"line":723,"column":51},"end":{"line":735,"column":1}},"line":723},"36":{"name":"(anonymous_36)","decl":{"start":{"line":741,"column":33},"end":{"line":741,"column":34}},"loc":{"start":{"line":741,"column":47},"end":{"line":743,"column":1}},"line":741},"37":{"name":"(anonymous_37)","decl":{"start":{"line":746,"column":48},"end":{"line":746,"column":49}},"loc":{"start":{"line":746,"column":68},"end":{"line":768,"column":1}},"line":746},"38":{"name":"(anonymous_38)","decl":{"start":{"line":771,"column":50},"end":{"line":771,"column":51}},"loc":{"start":{"line":771,"column":70},"end":{"line":792,"column":1}},"line":771},"39":{"name":"(anonymous_39)","decl":{"start":{"line":795,"column":51},"end":{"line":795,"column":52}},"loc":{"start":{"line":795,"column":71},"end":{"line":810,"column":1}},"line":795},"40":{"name":"(anonymous_40)","decl":{"start":{"line":812,"column":36},"end":{"line":812,"column":37}},"loc":{"start":{"line":812,"column":56},"end":{"line":825,"column":1}},"line":812},"41":{"name":"(anonymous_41)","decl":{"start":{"line":831,"column":20},"end":{"line":831,"column":21}},"loc":{"start":{"line":831,"column":26},"end":{"line":831,"column":92}},"line":831}},"branchMap":{"0":{"loc":{"start":{"line":19,"column":2},"end":{"line":19,"column":35}},"type":"if","locations":[{"start":{"line":19,"column":2},"end":{"line":19,"column":35}},{"start":{},"end":{}}],"line":19},"1":{"loc":{"start":{"line":19,"column":6},"end":{"line":19,"column":22}},"type":"binary-expr","locations":[{"start":{"line":19,"column":6},"end":{"line":19,"column":12}},{"start":{"line":19,"column":16},"end":{"line":19,"column":22}}],"line":19},"2":{"loc":{"start":{"line":57,"column":12},"end":{"line":57,"column":56}},"type":"binary-expr","locations":[{"start":{"line":57,"column":12},"end":{"line":57,"column":38}},{"start":{"line":57,"column":42},"end":{"line":57,"column":56}}],"line":57},"3":{"loc":{"start":{"line":97,"column":4},"end":{"line":99,"column":5}},"type":"if","locations":[{"start":{"line":97,"column":4},"end":{"line":99,"column":5}},{"start":{},"end":{}}],"line":97},"4":{"loc":{"start":{"line":97,"column":8},"end":{"line":97,"column":48}},"type":"binary-expr","locations":[{"start":{"line":97,"column":8},"end":{"line":97,"column":28}},{"start":{"line":97,"column":32},"end":{"line":97,"column":48}}],"line":97},"5":{"loc":{"start":{"line":104,"column":4},"end":{"line":106,"column":5}},"type":"if","locations":[{"start":{"line":104,"column":4},"end":{"line":106,"column":5}},{"start":{},"end":{}}],"line":104},"6":{"loc":{"start":{"line":119,"column":4},"end":{"line":121,"column":5}},"type":"if","locations":[{"start":{"line":119,"column":4},"end":{"line":121,"column":5}},{"start":{},"end":{}}],"line":119},"7":{"loc":{"start":{"line":119,"column":8},"end":{"line":119,"column":36}},"type":"binary-expr","locations":[{"start":{"line":119,"column":8},"end":{"line":119,"column":13}},{"start":{"line":119,"column":17},"end":{"line":119,"column":23}},{"start":{"line":119,"column":27},"end":{"line":119,"column":36}}],"line":119},"8":{"loc":{"start":{"line":124,"column":4},"end":{"line":126,"column":5}},"type":"if","locations":[{"start":{"line":124,"column":4},"end":{"line":126,"column":5}},{"start":{},"end":{}}],"line":124},"9":{"loc":{"start":{"line":129,"column":4},"end":{"line":131,"column":5}},"type":"if","locations":[{"start":{"line":129,"column":4},"end":{"line":131,"column":5}},{"start":{},"end":{}}],"line":129},"10":{"loc":{"start":{"line":139,"column":6},"end":{"line":139,"column":63}},"type":"if","locations":[{"start":{"line":139,"column":6},"end":{"line":139,"column":63}},{"start":{},"end":{}}],"line":139},"11":{"loc":{"start":{"line":173,"column":8},"end":{"line":175,"column":9}},"type":"if","locations":[{"start":{"line":173,"column":8},"end":{"line":175,"column":9}},{"start":{},"end":{}}],"line":173},"12":{"loc":{"start":{"line":173,"column":12},"end":{"line":173,"column":60}},"type":"binary-expr","locations":[{"start":{"line":173,"column":12},"end":{"line":173,"column":17}},{"start":{"line":173,"column":21},"end":{"line":173,"column":60}}],"line":173},"13":{"loc":{"start":{"line":178,"column":8},"end":{"line":180,"column":9}},"type":"if","locations":[{"start":{"line":178,"column":8},"end":{"line":180,"column":9}},{"start":{},"end":{}}],"line":178},"14":{"loc":{"start":{"line":184,"column":12},"end":{"line":186,"column":13}},"type":"if","locations":[{"start":{"line":184,"column":12},"end":{"line":186,"column":13}},{"start":{},"end":{}}],"line":184},"15":{"loc":{"start":{"line":198,"column":12},"end":{"line":201,"column":13}},"type":"if","locations":[{"start":{"line":198,"column":12},"end":{"line":201,"column":13}},{"start":{},"end":{}}],"line":198},"16":{"loc":{"start":{"line":204,"column":12},"end":{"line":206,"column":13}},"type":"if","locations":[{"start":{"line":204,"column":12},"end":{"line":206,"column":13}},{"start":{},"end":{}}],"line":204},"17":{"loc":{"start":{"line":204,"column":16},"end":{"line":204,"column":72}},"type":"binary-expr","locations":[{"start":{"line":204,"column":16},"end":{"line":204,"column":36}},{"start":{"line":204,"column":40},"end":{"line":204,"column":72}}],"line":204},"18":{"loc":{"start":{"line":273,"column":24},"end":{"line":273,"column":64}},"type":"binary-expr","locations":[{"start":{"line":273,"column":24},"end":{"line":273,"column":40}},{"start":{"line":273,"column":44},"end":{"line":273,"column":64}}],"line":273},"19":{"loc":{"start":{"line":275,"column":4},"end":{"line":277,"column":5}},"type":"if","locations":[{"start":{"line":275,"column":4},"end":{"line":277,"column":5}},{"start":{},"end":{}}],"line":275},"20":{"loc":{"start":{"line":281,"column":4},"end":{"line":283,"column":5}},"type":"if","locations":[{"start":{"line":281,"column":4},"end":{"line":283,"column":5}},{"start":{},"end":{}}],"line":281},"21":{"loc":{"start":{"line":281,"column":8},"end":{"line":281,"column":48}},"type":"binary-expr","locations":[{"start":{"line":281,"column":8},"end":{"line":281,"column":19}},{"start":{"line":281,"column":23},"end":{"line":281,"column":48}}],"line":281},"22":{"loc":{"start":{"line":308,"column":4},"end":{"line":310,"column":5}},"type":"if","locations":[{"start":{"line":308,"column":4},"end":{"line":310,"column":5}},{"start":{},"end":{}}],"line":308},"23":{"loc":{"start":{"line":314,"column":4},"end":{"line":316,"column":5}},"type":"if","locations":[{"start":{"line":314,"column":4},"end":{"line":316,"column":5}},{"start":{},"end":{}}],"line":314},"24":{"loc":{"start":{"line":314,"column":8},"end":{"line":314,"column":57}},"type":"binary-expr","locations":[{"start":{"line":314,"column":8},"end":{"line":314,"column":23}},{"start":{"line":314,"column":27},"end":{"line":314,"column":57}}],"line":314},"25":{"loc":{"start":{"line":321,"column":4},"end":{"line":323,"column":5}},"type":"if","locations":[{"start":{"line":321,"column":4},"end":{"line":323,"column":5}},{"start":{},"end":{}}],"line":321},"26":{"loc":{"start":{"line":321,"column":8},"end":{"line":321,"column":73}},"type":"binary-expr","locations":[{"start":{"line":321,"column":8},"end":{"line":321,"column":13}},{"start":{"line":321,"column":17},"end":{"line":321,"column":37}},{"start":{"line":321,"column":41},"end":{"line":321,"column":73}}],"line":321},"27":{"loc":{"start":{"line":337,"column":4},"end":{"line":361,"column":5}},"type":"if","locations":[{"start":{"line":337,"column":4},"end":{"line":361,"column":5}},{"start":{"line":354,"column":11},"end":{"line":361,"column":5}}],"line":337},"28":{"loc":{"start":{"line":371,"column":4},"end":{"line":371,"column":86}},"type":"if","locations":[{"start":{"line":371,"column":4},"end":{"line":371,"column":86}},{"start":{},"end":{}}],"line":371},"29":{"loc":{"start":{"line":376,"column":4},"end":{"line":378,"column":5}},"type":"if","locations":[{"start":{"line":376,"column":4},"end":{"line":378,"column":5}},{"start":{},"end":{}}],"line":376},"30":{"loc":{"start":{"line":376,"column":8},"end":{"line":376,"column":62}},"type":"binary-expr","locations":[{"start":{"line":376,"column":8},"end":{"line":376,"column":18}},{"start":{"line":376,"column":23},"end":{"line":376,"column":34}},{"start":{"line":376,"column":38},"end":{"line":376,"column":61}}],"line":376},"31":{"loc":{"start":{"line":380,"column":4},"end":{"line":385,"column":5}},"type":"if","locations":[{"start":{"line":380,"column":4},"end":{"line":385,"column":5}},{"start":{},"end":{}}],"line":380},"32":{"loc":{"start":{"line":383,"column":6},"end":{"line":383,"column":82}},"type":"if","locations":[{"start":{"line":383,"column":6},"end":{"line":383,"column":82}},{"start":{},"end":{}}],"line":383},"33":{"loc":{"start":{"line":387,"column":4},"end":{"line":391,"column":5}},"type":"if","locations":[{"start":{"line":387,"column":4},"end":{"line":391,"column":5}},{"start":{},"end":{}}],"line":387},"34":{"loc":{"start":{"line":387,"column":8},"end":{"line":387,"column":43}},"type":"binary-expr","locations":[{"start":{"line":387,"column":8},"end":{"line":387,"column":18}},{"start":{"line":387,"column":22},"end":{"line":387,"column":43}}],"line":387},"35":{"loc":{"start":{"line":403,"column":4},"end":{"line":403,"column":86}},"type":"if","locations":[{"start":{"line":403,"column":4},"end":{"line":403,"column":86}},{"start":{},"end":{}}],"line":403},"36":{"loc":{"start":{"line":409,"column":4},"end":{"line":409,"column":41}},"type":"if","locations":[{"start":{"line":409,"column":4},"end":{"line":409,"column":41}},{"start":{},"end":{}}],"line":409},"37":{"loc":{"start":{"line":412,"column":4},"end":{"line":412,"column":107}},"type":"if","locations":[{"start":{"line":412,"column":4},"end":{"line":412,"column":107}},{"start":{},"end":{}}],"line":412},"38":{"loc":{"start":{"line":412,"column":8},"end":{"line":412,"column":39}},"type":"binary-expr","locations":[{"start":{"line":412,"column":8},"end":{"line":412,"column":18}},{"start":{"line":412,"column":22},"end":{"line":412,"column":39}}],"line":412},"39":{"loc":{"start":{"line":430,"column":2},"end":{"line":430,"column":73}},"type":"if","locations":[{"start":{"line":430,"column":2},"end":{"line":430,"column":73}},{"start":{},"end":{}}],"line":430},"40":{"loc":{"start":{"line":434,"column":4},"end":{"line":434,"column":101}},"type":"if","locations":[{"start":{"line":434,"column":4},"end":{"line":434,"column":101}},{"start":{},"end":{}}],"line":434},"41":{"loc":{"start":{"line":434,"column":8},"end":{"line":434,"column":32}},"type":"binary-expr","locations":[{"start":{"line":434,"column":8},"end":{"line":434,"column":13}},{"start":{"line":434,"column":17},"end":{"line":434,"column":32}}],"line":434},"42":{"loc":{"start":{"line":455,"column":4},"end":{"line":455,"column":86}},"type":"if","locations":[{"start":{"line":455,"column":4},"end":{"line":455,"column":86}},{"start":{},"end":{}}],"line":455},"43":{"loc":{"start":{"line":457,"column":4},"end":{"line":457,"column":106}},"type":"if","locations":[{"start":{"line":457,"column":4},"end":{"line":457,"column":106}},{"start":{},"end":{}}],"line":457},"44":{"loc":{"start":{"line":473,"column":4},"end":{"line":473,"column":86}},"type":"if","locations":[{"start":{"line":473,"column":4},"end":{"line":473,"column":86}},{"start":{},"end":{}}],"line":473},"45":{"loc":{"start":{"line":475,"column":4},"end":{"line":475,"column":108}},"type":"if","locations":[{"start":{"line":475,"column":4},"end":{"line":475,"column":108}},{"start":{},"end":{}}],"line":475},"46":{"loc":{"start":{"line":489,"column":4},"end":{"line":489,"column":90}},"type":"if","locations":[{"start":{"line":489,"column":4},"end":{"line":489,"column":90}},{"start":{},"end":{}}],"line":489},"47":{"loc":{"start":{"line":514,"column":2},"end":{"line":514,"column":101}},"type":"if","locations":[{"start":{"line":514,"column":2},"end":{"line":514,"column":101}},{"start":{},"end":{}}],"line":514},"48":{"loc":{"start":{"line":515,"column":2},"end":{"line":515,"column":109}},"type":"if","locations":[{"start":{"line":515,"column":2},"end":{"line":515,"column":109}},{"start":{},"end":{}}],"line":515},"49":{"loc":{"start":{"line":529,"column":2},"end":{"line":529,"column":117}},"type":"if","locations":[{"start":{"line":529,"column":2},"end":{"line":529,"column":117}},{"start":{},"end":{}}],"line":529},"50":{"loc":{"start":{"line":534,"column":4},"end":{"line":534,"column":114}},"type":"if","locations":[{"start":{"line":534,"column":4},"end":{"line":534,"column":114}},{"start":{},"end":{}}],"line":534},"51":{"loc":{"start":{"line":543,"column":2},"end":{"line":543,"column":84}},"type":"if","locations":[{"start":{"line":543,"column":2},"end":{"line":543,"column":84}},{"start":{},"end":{}}],"line":543},"52":{"loc":{"start":{"line":546,"column":21},"end":{"line":548,"column":93}},"type":"cond-expr","locations":[{"start":{"line":547,"column":8},"end":{"line":547,"column":64}},{"start":{"line":548,"column":8},"end":{"line":548,"column":93}}],"line":546},"53":{"loc":{"start":{"line":555,"column":2},"end":{"line":555,"column":84}},"type":"if","locations":[{"start":{"line":555,"column":2},"end":{"line":555,"column":84}},{"start":{},"end":{}}],"line":555},"54":{"loc":{"start":{"line":558,"column":20},"end":{"line":560,"column":87}},"type":"cond-expr","locations":[{"start":{"line":559,"column":8},"end":{"line":559,"column":58}},{"start":{"line":560,"column":8},"end":{"line":560,"column":87}}],"line":558},"55":{"loc":{"start":{"line":583,"column":24},"end":{"line":583,"column":83}},"type":"cond-expr","locations":[{"start":{"line":583,"column":54},"end":{"line":583,"column":73}},{"start":{"line":583,"column":76},"end":{"line":583,"column":83}}],"line":583},"56":{"loc":{"start":{"line":586,"column":4},"end":{"line":589,"column":5}},"type":"if","locations":[{"start":{"line":586,"column":4},"end":{"line":589,"column":5}},{"start":{},"end":{}}],"line":586},"57":{"loc":{"start":{"line":596,"column":4},"end":{"line":599,"column":5}},"type":"if","locations":[{"start":{"line":596,"column":4},"end":{"line":599,"column":5}},{"start":{},"end":{}}],"line":596},"58":{"loc":{"start":{"line":611,"column":4},"end":{"line":611,"column":24}},"type":"if","locations":[{"start":{"line":611,"column":4},"end":{"line":611,"column":24}},{"start":{},"end":{}}],"line":611},"59":{"loc":{"start":{"line":620,"column":8},"end":{"line":623,"column":9}},"type":"if","locations":[{"start":{"line":620,"column":8},"end":{"line":623,"column":9}},{"start":{},"end":{}}],"line":620},"60":{"loc":{"start":{"line":620,"column":12},"end":{"line":620,"column":45}},"type":"binary-expr","locations":[{"start":{"line":620,"column":12},"end":{"line":620,"column":16}},{"start":{"line":620,"column":20},"end":{"line":620,"column":45}}],"line":620},"61":{"loc":{"start":{"line":628,"column":8},"end":{"line":633,"column":9}},"type":"if","locations":[{"start":{"line":628,"column":8},"end":{"line":633,"column":9}},{"start":{},"end":{}}],"line":628},"62":{"loc":{"start":{"line":628,"column":12},"end":{"line":628,"column":45}},"type":"binary-expr","locations":[{"start":{"line":628,"column":12},"end":{"line":628,"column":23}},{"start":{"line":628,"column":27},"end":{"line":628,"column":45}}],"line":628},"63":{"loc":{"start":{"line":629,"column":12},"end":{"line":632,"column":13}},"type":"if","locations":[{"start":{"line":629,"column":12},"end":{"line":632,"column":13}},{"start":{},"end":{}}],"line":629},"64":{"loc":{"start":{"line":750,"column":4},"end":{"line":752,"column":5}},"type":"if","locations":[{"start":{"line":750,"column":4},"end":{"line":752,"column":5}},{"start":{},"end":{}}],"line":750},"65":{"loc":{"start":{"line":750,"column":8},"end":{"line":750,"column":47}},"type":"binary-expr","locations":[{"start":{"line":750,"column":8},"end":{"line":750,"column":17}},{"start":{"line":750,"column":21},"end":{"line":750,"column":47}}],"line":750},"66":{"loc":{"start":{"line":780,"column":8},"end":{"line":782,"column":9}},"type":"if","locations":[{"start":{"line":780,"column":8},"end":{"line":782,"column":9}},{"start":{},"end":{}}],"line":780},"67":{"loc":{"start":{"line":815,"column":8},"end":{"line":815,"column":67}},"type":"if","locations":[{"start":{"line":815,"column":8},"end":{"line":815,"column":67}},{"start":{},"end":{}}],"line":815},"68":{"loc":{"start":{"line":830,"column":13},"end":{"line":830,"column":37}},"type":"binary-expr","locations":[{"start":{"line":830,"column":13},"end":{"line":830,"column":29}},{"start":{"line":830,"column":33},"end":{"line":830,"column":37}}],"line":830}},"s":{"0":1,"1":1,"2":1,"3":1,"4":1,"5":1,"6":1,"7":1,"8":1,"9":1,"10":1,"11":1,"12":0,"13":0,"14":0,"15":0,"16":1,"17":1,"18":1,"19":1,"20":1,"21":1,"22":1,"23":1,"24":1,"25":1,"26":1,"27":1,"28":1,"29":1,"30":1,"31":1,"32":1,"33":1,"34":0,"35":1,"36":7,"37":0,"38":1,"39":1,"40":1,"41":1,"42":1,"43":1,"44":1,"45":1,"46":0,"47":0,"48":0,"49":1,"50":0,"51":0,"52":0,"53":1,"54":2,"55":2,"56":2,"57":1,"58":1,"59":0,"60":1,"61":1,"62":0,"63":1,"64":1,"65":1,"66":1,"67":0,"68":1,"69":1,"70":0,"71":1,"72":1,"73":1,"74":1,"75":0,"76":0,"77":0,"78":0,"79":0,"80":0,"81":0,"82":0,"83":0,"84":0,"85":0,"86":0,"87":0,"88":0,"89":0,"90":0,"91":0,"92":0,"93":0,"94":0,"95":0,"96":1,"97":0,"98":0,"99":1,"100":0,"101":0,"102":0,"103":0,"104":0,"105":0,"106":0,"107":0,"108":0,"109":0,"110":0,"111":1,"112":0,"113":0,"114":0,"115":0,"116":0,"117":0,"118":0,"119":0,"120":0,"121":0,"122":0,"123":0,"124":0,"125":0,"126":0,"127":0,"128":0,"129":0,"130":1,"131":0,"132":0,"133":0,"134":0,"135":0,"136":0,"137":0,"138":0,"139":0,"140":0,"141":0,"142":0,"143":0,"144":0,"145":0,"146":0,"147":1,"148":0,"149":0,"150":0,"151":0,"152":0,"153":0,"154":0,"155":0,"156":0,"157":0,"158":0,"159":0,"160":1,"161":0,"162":0,"163":0,"164":0,"165":0,"166":0,"167":0,"168":0,"169":1,"170":0,"171":0,"172":1,"173":0,"174":0,"175":0,"176":0,"177":0,"178":0,"179":0,"180":0,"181":0,"182":0,"183":1,"184":0,"185":0,"186":0,"187":0,"188":0,"189":0,"190":0,"191":0,"192":0,"193":0,"194":1,"195":0,"196":0,"197":0,"198":0,"199":0,"200":0,"201":0,"202":0,"203":1,"204":0,"205":0,"206":1,"207":0,"208":0,"209":0,"210":0,"211":0,"212":0,"213":0,"214":0,"215":0,"216":0,"217":0,"218":1,"219":0,"220":0,"221":0,"222":0,"223":0,"224":0,"225":0,"226":0,"227":0,"228":0,"229":1,"230":0,"231":0,"232":0,"233":0,"234":0,"235":0,"236":1,"237":0,"238":0,"239":0,"240":0,"241":0,"242":0,"243":1,"244":1,"245":1,"246":0,"247":0,"248":0,"249":0,"250":0,"251":0,"252":0,"253":0,"254":0,"255":0,"256":0,"257":0,"258":0,"259":0,"260":0,"261":0,"262":0,"263":0,"264":0,"265":0,"266":0,"267":0,"268":0,"269":0,"270":0,"271":0,"272":0,"273":0,"274":0,"275":0,"276":0,"277":0,"278":0,"279":0,"280":0,"281":0,"282":0,"283":0,"284":0,"285":1,"286":0,"287":0,"288":0,"289":0,"290":1,"291":0,"292":1,"293":0,"294":0,"295":0,"296":0,"297":0,"298":0,"299":0,"300":0,"301":0,"302":1,"303":0,"304":0,"305":0,"306":0,"307":0,"308":0,"309":0,"310":0,"311":0,"312":0,"313":0,"314":1,"315":0,"316":0,"317":0,"318":0,"319":0,"320":0,"321":0,"322":0,"323":1,"324":0,"325":0,"326":0,"327":0,"328":0,"329":0,"330":1,"331":1,"332":1,"333":1},"f":{"0":0,"1":0,"2":1,"3":0,"4":7,"5":0,"6":0,"7":0,"8":2,"9":1,"10":0,"11":0,"12":0,"13":0,"14":0,"15":0,"16":0,"17":0,"18":0,"19":0,"20":0,"21":0,"22":0,"23":0,"24":0,"25":0,"26":0,"27":0,"28":0,"29":0,"30":0,"31":0,"32":0,"33":0,"34":0,"35":0,"36":0,"37":0,"38":0,"39":0,"40":0,"41":1},"b":{"0":[0,0],"1":[0,0],"2":[1,0],"3":[0,0],"4":[0,0],"5":[0,0],"6":[1,1],"7":[2,2,1],"8":[0,1],"9":[0,1],"10":[0,1],"11":[0,0],"12":[0,0],"13":[0,0],"14":[0,0],"15":[0,0],"16":[0,0],"17":[0,0],"18":[0,0],"19":[0,0],"20":[0,0],"21":[0,0],"22":[0,0],"23":[0,0],"24":[0,0],"25":[0,0],"26":[0,0,0],"27":[0,0],"28":[0,0],"29":[0,0],"30":[0,0,0],"31":[0,0],"32":[0,0],"33":[0,0],"34":[0,0],"35":[0,0],"36":[0,0],"37":[0,0],"38":[0,0],"39":[0,0],"40":[0,0],"41":[0,0],"42":[0,0],"43":[0,0],"44":[0,0],"45":[0,0],"46":[0,0],"47":[0,0],"48":[0,0],"49":[0,0],"50":[0,0],"51":[0,0],"52":[0,0],"53":[0,0],"54":[0,0],"55":[0,0],"56":[0,0],"57":[0,0],"58":[0,0],"59":[0,0],"60":[0,0],"61":[0,0],"62":[0,0],"63":[0,0],"64":[0,0],"65":[0,0],"66":[0,0],"67":[0,0],"68":[1,0]},"_coverageSchema":"1a1c01bbd47fc00a2c39e90264f33305004495a9","hash":"e57d752de4a36eafcea7fe4f6fac7b0de0266716"}
,"C:\\Users\\Panda Gaming Store\\OneDrive\\Desktop\\SmartSession\\middleware\\isAdmin.js": {"path":"C:\\Users\\Panda Gaming Store\\OneDrive\\Desktop\\SmartSession\\middleware\\isAdmin.js","statementMap":{"0":{"start":{"line":6,"column":0},"end":{"line":21,"column":2}},"1":{"start":{"line":7,"column":15},"end":{"line":7,"column":32}},"2":{"start":{"line":10,"column":2},"end":{"line":12,"column":3}},"3":{"start":{"line":11,"column":4},"end":{"line":11,"column":35}},"4":{"start":{"line":15,"column":2},"end":{"line":17,"column":3}},"5":{"start":{"line":16,"column":4},"end":{"line":16,"column":62}},"6":{"start":{"line":20,"column":2},"end":{"line":20,"column":9}}},"fnMap":{"0":{"name":"isAdmin","decl":{"start":{"line":6,"column":26},"end":{"line":6,"column":33}},"loc":{"start":{"line":6,"column":50},"end":{"line":21,"column":1}},"line":6}},"branchMap":{"0":{"loc":{"start":{"line":10,"column":2},"end":{"line":12,"column":3}},"type":"if","locations":[{"start":{"line":10,"column":2},"end":{"line":12,"column":3}},{"start":{},"end":{}}],"line":10},"1":{"loc":{"start":{"line":15,"column":2},"end":{"line":17,"column":3}},"type":"if","locations":[{"start":{"line":15,"column":2},"end":{"line":17,"column":3}},{"start":{},"end":{}}],"line":15}},"s":{"0":1,"1":0,"2":0,"3":0,"4":0,"5":0,"6":0},"f":{"0":0},"b":{"0":[0,0],"1":[0,0]},"_coverageSchema":"1a1c01bbd47fc00a2c39e90264f33305004495a9","hash":"0227e880e50c7fff45ffa3557fc396548263e905"}
,"C:\\Users\\Panda Gaming Store\\OneDrive\\Desktop\\SmartSession\\middleware\\isLoggedIn.js": {"path":"C:\\Users\\Panda Gaming Store\\OneDrive\\Desktop\\SmartSession\\middleware\\isLoggedIn.js","statementMap":{"0":{"start":{"line":2,"column":0},"end":{"line":16,"column":2}},"1":{"start":{"line":4,"column":4},"end":{"line":12,"column":5}},"2":{"start":{"line":8,"column":8},"end":{"line":10,"column":9}},"3":{"start":{"line":9,"column":12},"end":{"line":9,"column":34}},"4":{"start":{"line":11,"column":8},"end":{"line":11,"column":39}},"5":{"start":{"line":15,"column":4},"end":{"line":15,"column":11}}},"fnMap":{"0":{"name":"(anonymous_0)","decl":{"start":{"line":2,"column":17},"end":{"line":2,"column":18}},"loc":{"start":{"line":2,"column":37},"end":{"line":16,"column":1}},"line":2}},"branchMap":{"0":{"loc":{"start":{"line":4,"column":4},"end":{"line":12,"column":5}},"type":"if","locations":[{"start":{"line":4,"column":4},"end":{"line":12,"column":5}},{"start":{},"end":{}}],"line":4},"1":{"loc":{"start":{"line":8,"column":8},"end":{"line":10,"column":9}},"type":"if","locations":[{"start":{"line":8,"column":8},"end":{"line":10,"column":9}},{"start":{},"end":{}}],"line":8}},"s":{"0":1,"1":0,"2":0,"3":0,"4":0,"5":0},"f":{"0":0},"b":{"0":[0,0],"1":[0,0]},"_coverageSchema":"1a1c01bbd47fc00a2c39e90264f33305004495a9","hash":"365be919b38a435d5aec781a5c0650259e024453"}
,"C:\\Users\\Panda Gaming Store\\OneDrive\\Desktop\\SmartSession\\models\\Report.js": {"path":"C:\\Users\\Panda Gaming Store\\OneDrive\\Desktop\\SmartSession\\models\\Report.js","statementMap":{"0":{"start":{"line":3,"column":17},"end":{"line":3,"column":36}},"1":{"start":{"line":8,"column":21},"end":{"line":22,"column":2}},"2":{"start":{"line":25,"column":0},"end":{"line":25,"column":56}}},"fnMap":{},"branchMap":{},"s":{"0":1,"1":1,"2":1},"f":{},"b":{},"_coverageSchema":"1a1c01bbd47fc00a2c39e90264f33305004495a9","hash":"fb03574ccd3f52a008e020308b93c3d3577511da"}
,"C:\\Users\\Panda Gaming Store\\OneDrive\\Desktop\\SmartSession\\models\\Session.js": {"path":"C:\\Users\\Panda Gaming Store\\OneDrive\\Desktop\\SmartSession\\models\\Session.js","statementMap":{"0":{"start":{"line":3,"column":17},"end":{"line":3,"column":36}},"1":{"start":{"line":10,"column":2},"end":{"line":10,"column":66}},"2":{"start":{"line":16,"column":22},"end":{"line":42,"column":2}},"3":{"start":{"line":47,"column":0},"end":{"line":56,"column":3}},"4":{"start":{"line":48,"column":2},"end":{"line":54,"column":3}},"5":{"start":{"line":50,"column":4},"end":{"line":52,"column":75}},"6":{"start":{"line":51,"column":6},"end":{"line":51,"column":35}},"7":{"start":{"line":53,"column":4},"end":{"line":53,"column":28}},"8":{"start":{"line":55,"column":2},"end":{"line":55,"column":9}},"9":{"start":{"line":59,"column":0},"end":{"line":59,"column":58}}},"fnMap":{"0":{"name":"generateSessionCode","decl":{"start":{"line":9,"column":9},"end":{"line":9,"column":28}},"loc":{"start":{"line":9,"column":31},"end":{"line":11,"column":1}},"line":9},"1":{"name":"(anonymous_1)","decl":{"start":{"line":47,"column":26},"end":{"line":47,"column":27}},"loc":{"start":{"line":47,"column":47},"end":{"line":56,"column":1}},"line":47}},"branchMap":{"0":{"loc":{"start":{"line":48,"column":2},"end":{"line":54,"column":3}},"type":"if","locations":[{"start":{"line":48,"column":2},"end":{"line":54,"column":3}},{"start":{},"end":{}}],"line":48}},"s":{"0":1,"1":0,"2":1,"3":1,"4":0,"5":0,"6":0,"7":0,"8":0,"9":1},"f":{"0":0,"1":0},"b":{"0":[0,0]},"_coverageSchema":"1a1c01bbd47fc00a2c39e90264f33305004495a9","hash":"99c3a90ddf217f2876e40da0d15b39fff1831039"}
,"C:\\Users\\Panda Gaming Store\\OneDrive\\Desktop\\SmartSession\\models\\User.js": {"path":"C:\\Users\\Panda Gaming Store\\OneDrive\\Desktop\\SmartSession\\models\\User.js","statementMap":{"0":{"start":{"line":3,"column":17},"end":{"line":3,"column":36}},"1":{"start":{"line":4,"column":15},"end":{"line":4,"column":34}},"2":{"start":{"line":10,"column":2},"end":{"line":10,"column":64}},"3":{"start":{"line":16,"column":19},"end":{"line":59,"column":1}},"4":{"start":{"line":65,"column":0},"end":{"line":71,"column":3}},"5":{"start":{"line":66,"column":2},"end":{"line":66,"column":50}},"6":{"start":{"line":66,"column":36},"end":{"line":66,"column":50}},"7":{"start":{"line":68,"column":15},"end":{"line":68,"column":39}},"8":{"start":{"line":69,"column":2},"end":{"line":69,"column":57}},"9":{"start":{"line":70,"column":2},"end":{"line":70,"column":9}},"10":{"start":{"line":76,"column":0},"end":{"line":78,"column":2}},"11":{"start":{"line":77,"column":2},"end":{"line":77,"column":49}},"12":{"start":{"line":80,"column":0},"end":{"line":80,"column":52}}},"fnMap":{"0":{"name":"generateUserId","decl":{"start":{"line":9,"column":9},"end":{"line":9,"column":23}},"loc":{"start":{"line":9,"column":26},"end":{"line":11,"column":1}},"line":9},"1":{"name":"(anonymous_1)","decl":{"start":{"line":65,"column":23},"end":{"line":65,"column":24}},"loc":{"start":{"line":65,"column":45},"end":{"line":71,"column":1}},"line":65},"2":{"name":"(anonymous_2)","decl":{"start":{"line":76,"column":37},"end":{"line":76,"column":38}},"loc":{"start":{"line":76,"column":63},"end":{"line":78,"column":1}},"line":76}},"branchMap":{"0":{"loc":{"start":{"line":66,"column":2},"end":{"line":66,"column":50}},"type":"if","locations":[{"start":{"line":66,"column":2},"end":{"line":66,"column":50}},{"start":{},"end":{}}],"line":66}},"s":{"0":1,"1":1,"2":1,"3":1,"4":1,"5":1,"6":0,"7":1,"8":1,"9":1,"10":1,"11":0,"12":1},"f":{"0":1,"1":1,"2":0},"b":{"0":[0,1]},"_coverageSchema":"1a1c01bbd47fc00a2c39e90264f33305004495a9","hash":"cb72113c9ef9f1f0b3174be969bd0eea047992ce"}
}
