TN:
SF:server.js
FN:18,(anonymous_0)
FN:20,(anonymous_1)
FN:74,(anonymous_2)
FN:75,(anonymous_3)
FN:80,(anonymous_4)
FN:80,(anonymous_5)
FN:95,(anonymous_6)
FN:103,(anonymous_7)
FN:114,(anonymous_8)
FN:138,(anonymous_9)
FN:163,(anonymous_10)
FN:183,(anonymous_11)
FN:261,(anonymous_12)
FN:262,(anonymous_13)
FN:270,(anonymous_14)
FN:305,(anonymous_15)
FN:369,(anonymous_16)
FN:400,(anonymous_17)
FN:429,(anonymous_18)
FN:445,(anonymous_19)
FN:451,(anonymous_20)
FN:469,(anonymous_21)
FN:486,(anonymous_22)
FN:503,(anonymous_23)
FN:513,(anonymous_24)
FN:528,(anonymous_25)
FN:542,(anonymous_26)
FN:554,(anonymous_27)
FN:569,(anonymous_28)
FN:573,(anonymous_29)
FN:581,(anonymous_30)
FN:606,(anonymous_31)
FN:610,(anonymous_32)
FN:618,(anonymous_33)
FN:626,(anonymous_34)
FN:723,(anonymous_35)
FN:741,(anonymous_36)
FN:746,(anonymous_37)
FN:771,(anonymous_38)
FN:795,(anonymous_39)
FN:812,(anonymous_40)
FN:831,(anonymous_41)
FNF:42
FNH:5
FNDA:0,(anonymous_0)
FNDA:0,(anonymous_1)
FNDA:1,(anonymous_2)
FNDA:0,(anonymous_3)
FNDA:7,(anonymous_4)
FNDA:0,(anonymous_5)
FNDA:0,(anonymous_6)
FNDA:0,(anonymous_7)
FNDA:2,(anonymous_8)
FNDA:1,(anonymous_9)
FNDA:0,(anonymous_10)
FNDA:0,(anonymous_11)
FNDA:0,(anonymous_12)
FNDA:0,(anonymous_13)
FNDA:0,(anonymous_14)
FNDA:0,(anonymous_15)
FNDA:0,(anonymous_16)
FNDA:0,(anonymous_17)
FNDA:0,(anonymous_18)
FNDA:0,(anonymous_19)
FNDA:0,(anonymous_20)
FNDA:0,(anonymous_21)
FNDA:0,(anonymous_22)
FNDA:0,(anonymous_23)
FNDA:0,(anonymous_24)
FNDA:0,(anonymous_25)
FNDA:0,(anonymous_26)
FNDA:0,(anonymous_27)
FNDA:0,(anonymous_28)
FNDA:0,(anonymous_29)
FNDA:0,(anonymous_30)
FNDA:0,(anonymous_31)
FNDA:0,(anonymous_32)
FNDA:0,(anonymous_33)
FNDA:0,(anonymous_34)
FNDA:0,(anonymous_35)
FNDA:0,(anonymous_36)
FNDA:0,(anonymous_37)
FNDA:0,(anonymous_38)
FNDA:0,(anonymous_39)
FNDA:0,(anonymous_40)
FNDA:1,(anonymous_41)
DA:5,1
DA:6,1
DA:7,1
DA:8,1
DA:9,1
DA:10,1
DA:11,1
DA:12,1
DA:13,1
DA:14,1
DA:15,1
DA:18,1
DA:19,0
DA:20,0
DA:22,1
DA:28,1
DA:29,1
DA:30,1
DA:36,1
DA:37,1
DA:40,1
DA:42,1
DA:46,1
DA:47,1
DA:48,1
DA:49,1
DA:50,1
DA:51,1
DA:54,1
DA:55,1
DA:72,1
DA:74,1
DA:75,0
DA:80,7
DA:81,0
DA:84,1
DA:85,1
DA:88,1
DA:89,1
DA:90,1
DA:91,1
DA:92,1
DA:95,1
DA:97,0
DA:98,0
DA:100,0
DA:103,1
DA:104,0
DA:105,0
DA:107,0
DA:114,1
DA:115,2
DA:116,2
DA:119,2
DA:120,1
DA:124,1
DA:125,0
DA:128,1
DA:129,1
DA:130,0
DA:134,1
DA:135,1
DA:138,1
DA:139,1
DA:140,1
DA:141,1
DA:145,0
DA:150,1
DA:151,1
DA:154,1
DA:163,1
DA:164,0
DA:166,0
DA:167,0
DA:170,0
DA:173,0
DA:174,0
DA:178,0
DA:179,0
DA:183,0
DA:184,0
DA:185,0
DA:189,0
DA:195,0
DA:198,0
DA:199,0
DA:200,0
DA:204,0
DA:205,0
DA:209,0
DA:213,0
DA:214,0
DA:261,1
DA:262,0
DA:270,1
DA:271,0
DA:273,0
DA:275,0
DA:276,0
DA:279,0
DA:281,0
DA:282,0
DA:286,0
DA:292,0
DA:294,0
DA:300,0
DA:305,1
DA:306,0
DA:308,0
DA:309,0
DA:312,0
DA:314,0
DA:315,0
DA:319,0
DA:321,0
DA:322,0
DA:327,0
DA:335,0
DA:337,0
DA:339,0
DA:347,0
DA:349,0
DA:356,0
DA:364,0
DA:365,0
DA:369,1
DA:370,0
DA:371,0
DA:374,0
DA:376,0
DA:377,0
DA:380,0
DA:382,0
DA:383,0
DA:384,0
DA:387,0
DA:389,0
DA:390,0
DA:394,0
DA:395,0
DA:400,1
DA:401,0
DA:403,0
DA:406,0
DA:409,0
DA:412,0
DA:415,0
DA:417,0
DA:419,0
DA:420,0
DA:429,1
DA:430,0
DA:432,0
DA:433,0
DA:434,0
DA:435,0
DA:437,0
DA:445,1
DA:446,0
DA:447,0
DA:451,1
DA:452,0
DA:453,0
DA:455,0
DA:457,0
DA:459,0
DA:460,0
DA:462,0
DA:464,0
DA:469,1
DA:470,0
DA:471,0
DA:473,0
DA:475,0
DA:477,0
DA:478,0
DA:480,0
DA:482,0
DA:486,1
DA:487,0
DA:488,0
DA:489,0
DA:491,0
DA:492,0
DA:494,0
DA:496,0
DA:503,1
DA:504,0
DA:505,0
DA:513,1
DA:514,0
DA:515,0
DA:517,0
DA:518,0
DA:519,0
DA:520,0
DA:522,0
DA:524,0
DA:525,0
DA:528,1
DA:529,0
DA:531,0
DA:532,0
DA:533,0
DA:534,0
DA:536,0
DA:537,0
DA:539,0
DA:542,1
DA:543,0
DA:545,0
DA:546,0
DA:550,0
DA:551,0
DA:554,1
DA:555,0
DA:557,0
DA:558,0
DA:562,0
DA:563,0
DA:566,1
DA:567,1
DA:569,1
DA:570,0
DA:573,0
DA:574,0
DA:575,0
DA:576,0
DA:577,0
DA:578,0
DA:581,0
DA:583,0
DA:585,0
DA:586,0
DA:587,0
DA:588,0
DA:592,0
DA:593,0
DA:596,0
DA:597,0
DA:598,0
DA:601,0
DA:602,0
DA:606,0
DA:610,0
DA:611,0
DA:613,0
DA:614,0
DA:618,0
DA:619,0
DA:620,0
DA:621,0
DA:622,0
DA:626,0
DA:627,0
DA:628,0
DA:629,0
DA:630,0
DA:631,0
DA:634,0
DA:723,1
DA:724,0
DA:726,0
DA:729,0
DA:731,0
DA:741,1
DA:742,0
DA:746,1
DA:747,0
DA:748,0
DA:750,0
DA:751,0
DA:754,0
DA:755,0
DA:762,0
DA:764,0
DA:766,0
DA:771,1
DA:772,0
DA:773,0
DA:775,0
DA:776,0
DA:779,0
DA:780,0
DA:781,0
DA:785,0
DA:786,0
DA:788,0
DA:790,0
DA:795,1
DA:796,0
DA:797,0
DA:800,0
DA:801,0
DA:802,0
DA:805,0
DA:806,0
DA:808,0
DA:812,1
DA:813,0
DA:814,0
DA:815,0
DA:817,0
DA:823,0
DA:830,1
DA:831,1
DA:832,1
LF:307
LH:85
BRDA:19,0,0,0
BRDA:19,0,1,0
BRDA:19,1,0,0
BRDA:19,1,1,0
BRDA:57,2,0,1
BRDA:57,2,1,0
BRDA:97,3,0,0
BRDA:97,3,1,0
BRDA:97,4,0,0
BRDA:97,4,1,0
BRDA:104,5,0,0
BRDA:104,5,1,0
BRDA:119,6,0,1
BRDA:119,6,1,1
BRDA:119,7,0,2
BRDA:119,7,1,2
BRDA:119,7,2,1
BRDA:124,8,0,0
BRDA:124,8,1,1
BRDA:129,9,0,0
BRDA:129,9,1,1
BRDA:139,10,0,0
BRDA:139,10,1,1
BRDA:173,11,0,0
BRDA:173,11,1,0
BRDA:173,12,0,0
BRDA:173,12,1,0
BRDA:178,13,0,0
BRDA:178,13,1,0
BRDA:184,14,0,0
BRDA:184,14,1,0
BRDA:198,15,0,0
BRDA:198,15,1,0
BRDA:204,16,0,0
BRDA:204,16,1,0
BRDA:204,17,0,0
BRDA:204,17,1,0
BRDA:273,18,0,0
BRDA:273,18,1,0
BRDA:275,19,0,0
BRDA:275,19,1,0
BRDA:281,20,0,0
BRDA:281,20,1,0
BRDA:281,21,0,0
BRDA:281,21,1,0
BRDA:308,22,0,0
BRDA:308,22,1,0
BRDA:314,23,0,0
BRDA:314,23,1,0
BRDA:314,24,0,0
BRDA:314,24,1,0
BRDA:321,25,0,0
BRDA:321,25,1,0
BRDA:321,26,0,0
BRDA:321,26,1,0
BRDA:321,26,2,0
BRDA:337,27,0,0
BRDA:337,27,1,0
BRDA:371,28,0,0
BRDA:371,28,1,0
BRDA:376,29,0,0
BRDA:376,29,1,0
BRDA:376,30,0,0
BRDA:376,30,1,0
BRDA:376,30,2,0
BRDA:380,31,0,0
BRDA:380,31,1,0
BRDA:383,32,0,0
BRDA:383,32,1,0
BRDA:387,33,0,0
BRDA:387,33,1,0
BRDA:387,34,0,0
BRDA:387,34,1,0
BRDA:403,35,0,0
BRDA:403,35,1,0
BRDA:409,36,0,0
BRDA:409,36,1,0
BRDA:412,37,0,0
BRDA:412,37,1,0
BRDA:412,38,0,0
BRDA:412,38,1,0
BRDA:430,39,0,0
BRDA:430,39,1,0
BRDA:434,40,0,0
BRDA:434,40,1,0
BRDA:434,41,0,0
BRDA:434,41,1,0
BRDA:455,42,0,0
BRDA:455,42,1,0
BRDA:457,43,0,0
BRDA:457,43,1,0
BRDA:473,44,0,0
BRDA:473,44,1,0
BRDA:475,45,0,0
BRDA:475,45,1,0
BRDA:489,46,0,0
BRDA:489,46,1,0
BRDA:514,47,0,0
BRDA:514,47,1,0
BRDA:515,48,0,0
BRDA:515,48,1,0
BRDA:529,49,0,0
BRDA:529,49,1,0
BRDA:534,50,0,0
BRDA:534,50,1,0
BRDA:543,51,0,0
BRDA:543,51,1,0
BRDA:546,52,0,0
BRDA:546,52,1,0
BRDA:555,53,0,0
BRDA:555,53,1,0
BRDA:558,54,0,0
BRDA:558,54,1,0
BRDA:583,55,0,0
BRDA:583,55,1,0
BRDA:586,56,0,0
BRDA:586,56,1,0
BRDA:596,57,0,0
BRDA:596,57,1,0
BRDA:611,58,0,0
BRDA:611,58,1,0
BRDA:620,59,0,0
BRDA:620,59,1,0
BRDA:620,60,0,0
BRDA:620,60,1,0
BRDA:628,61,0,0
BRDA:628,61,1,0
BRDA:628,62,0,0
BRDA:628,62,1,0
BRDA:629,63,0,0
BRDA:629,63,1,0
BRDA:750,64,0,0
BRDA:750,64,1,0
BRDA:750,65,0,0
BRDA:750,65,1,0
BRDA:780,66,0,0
BRDA:780,66,1,0
BRDA:815,67,0,0
BRDA:815,67,1,0
BRDA:830,68,0,1
BRDA:830,68,1,0
BRF:141
BRH:10
end_of_record
TN:
SF:middleware\isAdmin.js
FN:6,isAdmin
FNF:1
FNH:0
FNDA:0,isAdmin
DA:6,1
DA:7,0
DA:10,0
DA:11,0
DA:15,0
DA:16,0
DA:20,0
LF:7
LH:1
BRDA:10,0,0,0
BRDA:10,0,1,0
BRDA:15,1,0,0
BRDA:15,1,1,0
BRF:4
BRH:0
end_of_record
TN:
SF:middleware\isLoggedIn.js
FN:2,(anonymous_0)
FNF:1
FNH:0
FNDA:0,(anonymous_0)
DA:2,1
DA:4,0
DA:8,0
DA:9,0
DA:11,0
DA:15,0
LF:6
LH:1
BRDA:4,0,0,0
BRDA:4,0,1,0
BRDA:8,1,0,0
BRDA:8,1,1,0
BRF:4
BRH:0
end_of_record
TN:
SF:models\Report.js
FNF:0
FNH:0
DA:3,1
DA:8,1
DA:25,1
LF:3
LH:3
BRF:0
BRH:0
end_of_record
TN:
SF:models\Session.js
FN:9,generateSessionCode
FN:47,(anonymous_1)
FNF:2
FNH:0
FNDA:0,generateSessionCode
FNDA:0,(anonymous_1)
DA:3,1
DA:10,0
DA:16,1
DA:47,1
DA:48,0
DA:50,0
DA:51,0
DA:53,0
DA:55,0
DA:59,1
LF:10
LH:4
BRDA:48,0,0,0
BRDA:48,0,1,0
BRF:2
BRH:0
end_of_record
TN:
SF:models\User.js
FN:9,generateUserId
FN:65,(anonymous_1)
FN:76,(anonymous_2)
FNF:3
FNH:2
FNDA:1,generateUserId
FNDA:1,(anonymous_1)
FNDA:0,(anonymous_2)
DA:3,1
DA:4,1
DA:10,1
DA:16,1
DA:65,1
DA:66,1
DA:68,1
DA:69,1
DA:70,1
DA:76,1
DA:77,0
DA:80,1
LF:12
LH:11
BRDA:66,0,0,0
BRDA:66,0,1,1
BRF:2
BRH:1
end_of_record
